<?xml version="1.0" encoding="UTF-8"?>
<testsuite xmlns:xsi="http://www.w3.org/2001/XMLSchema-instance" xsi:noNamespaceSchemaLocation="https://maven.apache.org/surefire/maven-surefire-plugin/xsd/surefire-test-report-3.0.xsd" version="3.0" name="com.load.backend.driver.DriverAssignmentFlowTest" time="13.86" tests="5" errors="0" skipped="0" failures="0">
  <properties>
[...]
</properties>
  <testcase name="failedAssignmentCannotSubsequentlyComplete" classname="com.load.backend.driver.DriverAssignmentFlowTest" time="1.426">
    <system-out><![CDATA[12:58:06.690 [main] INFO org.testcontainers.images.PullPolicy -- Image pull policy will be performed by: DefaultPullPolicy()
12:58:06.694 [main] INFO org.testcontainers.utility.ImageNameSubstitutor -- Image name substitution will be performed by: DefaultImageNameSubstitutor (composite of 'ConfigurationFileImageNameSubstitutor' and 'PrefixingImageNameSubstitutor')
12:58:06.717 [main] INFO org.testcontainers.DockerClientFactory -- Testcontainers version: 1.20.1
12:58:07.235 [main] INFO org.testcontainers.dockerclient.DockerClientProviderStrategy -- Found Docker environment with local Unix socket (unix:///var/run/docker.sock)
12:58:07.242 [main] INFO org.testcontainers.DockerClientFactory -- Docker host IP address is localhost
12:58:07.265 [main] INFO org.testcontainers.DockerClientFactory -- Connected to docker: 
  Server Version: 28.0.4
  API Version: 1.48
  Operating System: Ubuntu 24.04.5 LTS
  Total Memory: 15989 MB
12:58:07.298 [main] INFO tc.testcontainers/ryuk:0.8.1 -- Pulling docker image: testcontainers/ryuk:0.8.1. Please be patient; this may take some time but only needs to be done once.
12:58:07.558 [docker-java-stream-1689030468] INFO tc.testcontainers/ryuk:0.8.1 -- Starting to pull image
12:58:07.576 [docker-java-stream-1689030468] INFO tc.testcontainers/ryuk:0.8.1 -- Pulling image layers:  0 pending,  0 downloaded,  0 extracted, (0 bytes/0 bytes)
12:58:07.666 [docker-java-stream-1689030468] INFO tc.testcontainers/ryuk:0.8.1 -- Pulling image layers:  2 pending,  1 downloaded,  0 extracted, (317 KB/? MB)
12:58:07.686 [docker-java-stream-1689030468] INFO tc.testcontainers/ryuk:0.8.1 -- Pulling image layers:  1 pending,  2 downloaded,  0 extracted, (364 KB/? MB)
12:58:07.691 [docker-java-stream-1689030468] INFO tc.testcontainers/ryuk:0.8.1 -- Pulling image layers:  0 pending,  3 downloaded,  0 extracted, (364 KB/6 MB)
12:58:07.798 [docker-java-stream-1689030468] INFO tc.testcontainers/ryuk:0.8.1 -- Pulling image layers:  0 pending,  3 downloaded,  1 extracted, (3 MB/6 MB)
12:58:07.909 [docker-java-stream-1689030468] INFO tc.testcontainers/ryuk:0.8.1 -- Pulling image layers:  0 pending,  3 downloaded,  2 extracted, (3 MB/6 MB)
12:58:07.959 [docker-java-stream-1689030468] INFO tc.testcontainers/ryuk:0.8.1 -- Pulling image layers:  0 pending,  3 downloaded,  3 extracted, (6 MB/6 MB)
12:58:07.965 [main] INFO tc.testcontainers/ryuk:0.8.1 -- Image testcontainers/ryuk:0.8.1 pull took PT0.66593287S
12:58:08.036 [main] INFO tc.testcontainers/ryuk:0.8.1 -- Creating container for image: testcontainers/ryuk:0.8.1
12:58:08.152 [main] INFO tc.testcontainers/ryuk:0.8.1 -- Container testcontainers/ryuk:0.8.1 is starting: 378390840aa018464a32874c27943cf4b094b2f4be71ba679ddab828d983350d
12:58:09.261 [main] INFO tc.testcontainers/ryuk:0.8.1 -- Container testcontainers/ryuk:0.8.1 started in PT1.22462533S
12:58:09.266 [main] INFO org.testcontainers.utility.RyukResourceReaper -- Ryuk started - will monitor and terminate Testcontainers containers on JVM exit
12:58:09.267 [main] INFO org.testcontainers.DockerClientFactory -- Checking the system...
12:58:09.267 [main] INFO org.testcontainers.DockerClientFactory -- ✔︎ Docker server version should be at least 1.6.0
12:58:09.268 [main] INFO tc.postgres:16-alpine -- Creating container for image: postgres:16-alpine
12:58:09.297 [main] INFO tc.postgres:16-alpine -- Container postgres:16-alpine is starting: e4fea95144acdcb4e27f5abcb60b37d28e6fe62db3823de3aec921954b576a5f
12:58:11.395 [main] INFO tc.postgres:16-alpine -- Container postgres:16-alpine started in PT2.127491858S
12:58:11.396 [main] INFO tc.postgres:16-alpine -- Container is started (JDBC URL: jdbc:postgresql://localhost:32769/load?loggerLevel=OFF)
12:58:11.455 [main] INFO org.springframework.test.context.support.AnnotationConfigContextLoaderUtils -- Could not detect default configuration classes for test class [com.load.backend.driver.DriverAssignmentFlowTest]: DriverAssignmentFlowTest does not declare any static, non-private, non-final, nested classes annotated with @Configuration.
12:58:11.557 [main] INFO org.springframework.boot.test.context.SpringBootTestContextBootstrapper -- Found @SpringBootConfiguration com.load.backend.LoadBackendApplication for test class com.load.backend.driver.DriverAssignmentFlowTest

  .   ____          _            __ _ _
 /\\ / ___'_ __ _ _(_)_ __  __ _ \ \ \ \
( ( )\___ | '_ | '_| | '_ \/ _` | \ \ \ \
 \\/  ___)| |_)| | | | | || (_| |  ) ) ) )
  '  |____| .__|_| |_|_| |_\__, | / / / /
 =========|_|==============|___/=/_/_/_/

 :: Spring Boot ::                (v3.3.4)

2026-09-17T12:58:12.073Z  INFO 7078 --- [load-backend] [           main] c.l.b.driver.DriverAssignmentFlowTest    : Starting DriverAssignmentFlowTest using Java 21.0.12.1 with PID 7078 (started by runner in /home/runner/work/load-frontend/load-frontend/backend)
2026-09-17T12:58:12.075Z  INFO 7078 --- [load-backend] [           main] c.l.b.driver.DriverAssignmentFlowTest    : No active profile set, falling back to 1 default profile: "default"
2026-09-17T12:58:12.879Z  INFO 7078 --- [load-backend] [           main] .s.d.r.c.RepositoryConfigurationDelegate : Bootstrapping Spring Data JPA repositories in DEFAULT mode.
2026-09-17T12:58:12.941Z  INFO 7078 --- [load-backend] [           main] .s.d.r.c.RepositoryConfigurationDelegate : Finished Spring Data repository scanning in 56 ms. Found 8 JPA repository interfaces.
2026-09-17T12:58:13.622Z  INFO 7078 --- [load-backend] [           main] o.s.b.w.embedded.tomcat.TomcatWebServer  : Tomcat initialized with port 0 (http)
2026-09-17T12:58:13.647Z  INFO 7078 --- [load-backend] [           main] o.apache.catalina.core.StandardService   : Starting service [Tomcat]
2026-09-17T12:58:13.648Z  INFO 7078 --- [load-backend] [           main] o.apache.catalina.core.StandardEngine    : Starting Servlet engine: [Apache Tomcat/10.1.30]
2026-09-17T12:58:13.693Z  INFO 7078 --- [load-backend] [           main] o.a.c.c.C.[Tomcat].[localhost].[/]       : Initializing Spring embedded WebApplicationContext
2026-09-17T12:58:13.694Z  INFO 7078 --- [load-backend] [           main] w.s.c.ServletWebServerApplicationContext : Root WebApplicationContext: initialization completed in 1603 ms
2026-09-17T12:58:13.903Z  INFO 7078 --- [load-backend] [           main] com.zaxxer.hikari.HikariDataSource       : HikariPool-1 - Starting...
2026-09-17T12:58:14.153Z  INFO 7078 --- [load-backend] [           main] com.zaxxer.hikari.pool.HikariPool        : HikariPool-1 - Added connection org.postgresql.jdbc.PgConnection@5acd7d1c
2026-09-17T12:58:14.155Z  INFO 7078 --- [load-backend] [           main] com.zaxxer.hikari.HikariDataSource       : HikariPool-1 - Start completed.
2026-09-17T12:58:14.189Z  INFO 7078 --- [load-backend] [           main] org.flywaydb.core.FlywayExecutor         : Database: jdbc:postgresql://localhost:32769/load (PostgreSQL 16.15)
2026-09-17T12:58:14.226Z  INFO 7078 --- [load-backend] [           main] o.f.c.i.s.JdbcTableSchemaHistory         : Schema history table "public"."flyway_schema_history" does not exist yet
2026-09-17T12:58:14.230Z  INFO 7078 --- [load-backend] [           main] o.f.core.internal.command.DbValidate     : Successfully validated 1 migration (execution time 00:00.018s)
2026-09-17T12:58:14.253Z  INFO 7078 --- [load-backend] [           main] o.f.c.i.s.JdbcTableSchemaHistory         : Creating Schema History table "public"."flyway_schema_history" ...
2026-09-17T12:58:14.330Z  INFO 7078 --- [load-backend] [           main] o.f.core.internal.command.DbMigrate      : Current version of schema "public": << Empty Schema >>
2026-09-17T12:58:14.350Z  INFO 7078 --- [load-backend] [           main] o.f.core.internal.command.DbMigrate      : Migrating schema "public" to version "1 - init"
2026-09-17T12:58:14.438Z  INFO 7078 --- [load-backend] [           main] o.f.core.internal.command.DbMigrate      : Successfully applied 1 migration to schema "public", now at version v1 (execution time 00:00.069s)
2026-09-17T12:58:14.560Z  INFO 7078 --- [load-backend] [           main] o.hibernate.jpa.internal.util.LogHelper  : HHH000204: Processing PersistenceUnitInfo [name: default]
2026-09-17T12:58:14.609Z  INFO 7078 --- [load-backend] [           main] org.hibernate.Version                    : HHH000412: Hibernate ORM core version 6.5.3.Final
2026-09-17T12:58:14.641Z  INFO 7078 --- [load-backend] [           main] o.h.c.internal.RegionFactoryInitiator    : HHH000026: Second-level cache disabled
2026-09-17T12:58:14.998Z  INFO 7078 --- [load-backend] [           main] o.s.o.j.p.SpringPersistenceUnitInfo      : No LoadTimeWeaver setup: ignoring JPA class transformer
2026-09-17T12:58:16.033Z  INFO 7078 --- [load-backend] [           main] o.h.e.t.j.p.i.JtaPlatformInitiator       : HHH000489: No JTA platform available (set 'hibernate.transaction.jta.platform' to enable JTA platform integration)
2026-09-17T12:58:16.071Z  INFO 7078 --- [load-backend] [           main] j.LocalContainerEntityManagerFactoryBean : Initialized JPA EntityManagerFactory for persistence unit 'default'
2026-09-17T12:58:16.419Z  INFO 7078 --- [load-backend] [           main] eAuthenticationProviderManagerConfigurer : Global AuthenticationManager configured with AuthenticationProvider bean with name authenticationProvider
2026-09-17T12:58:16.419Z  WARN 7078 --- [load-backend] [           main] r$InitializeUserDetailsManagerConfigurer : Global AuthenticationManager configured with an AuthenticationProvider bean. UserDetailsService beans will not be used for username/password login. Consider removing the AuthenticationProvider bean. Alternatively, consider using the UserDetailsService in a manually instantiated DaoAuthenticationProvider.
2026-09-17T12:58:17.286Z  INFO 7078 --- [load-backend] [           main] o.s.b.w.embedded.tomcat.TomcatWebServer  : Tomcat started on port 37567 (http) with context path '/'
2026-09-17T12:58:17.299Z  INFO 7078 --- [load-backend] [           main] c.l.b.driver.DriverAssignmentFlowTest    : Started DriverAssignmentFlowTest in 5.576 seconds (process running for 11.618)
2026-09-17T12:58:18.346Z  INFO 7078 --- [load-backend] [o-auto-1-exec-1] o.a.c.c.C.[Tomcat].[localhost].[/]       : Initializing Spring DispatcherServlet 'dispatcherServlet'
2026-09-17T12:58:18.346Z  INFO 7078 --- [load-backend] [o-auto-1-exec-1] o.s.web.servlet.DispatcherServlet        : Initializing Servlet 'dispatcherServlet'
2026-09-17T12:58:18.347Z  INFO 7078 --- [load-backend] [o-auto-1-exec-1] o.s.web.servlet.DispatcherServlet        : Completed initialization in 1 ms
]]></system-out>
    <system-err><![CDATA[WARNING: A Java agent has been loaded dynamically (/home/runner/.m2/repository/net/bytebuddy/byte-buddy-agent/1.14.19/byte-buddy-agent-1.14.19.jar)
WARNING: If a serviceability tool is in use, please run with -XX:+EnableDynamicAgentLoading to hide this warning
WARNING: If a serviceability tool is not in use, please run with -Djdk.instrument.traceUsage for more information
WARNING: Dynamic loading of agents will be disallowed by default in a future release
]]></system-err>
  </testcase>
  <testcase name="invalidDriverTransitionIsRejected" classname="com.load.backend.driver.DriverAssignmentFlowTest" time="0.295"/>
  <testcase name="driverCannotAccessAnotherDriversAssignment" classname="com.load.backend.driver.DriverAssignmentFlowTest" time="0.354"/>
  <testcase name="driverRescheduleRequestPersistsAndOperationsCanApprove" classname="com.load.backend.driver.DriverAssignmentFlowTest" time="0.303"/>
  <testcase name="validDriverTransitionsSucceed" classname="com.load.backend.driver.DriverAssignmentFlowTest" time="0.464"/>
</testsuite>